<?xml version="1.0" encoding="UTF-8"?>
<testsuite xmlns:xsi="http://www.w3.org/2001/XMLSchema-instance" xsi:noNamespaceSchemaLocation="https://maven.apache.org/surefire/maven-surefire-plugin/xsd/surefire-test-report.xsd" name="com.zdk.MyBlog.MyBlogApplicationTests" time="5.523" tests="2" errors="0" skipped="0" failures="0">
  <properties>
    <property name="sun.desktop" value="windows"/>
    <property name="awt.toolkit" value="sun.awt.windows.WToolkit"/>
    <property name="file.encoding.pkg" value="sun.io"/>
    <property name="java.specification.version" value="1.8"/>
    <property name="sun.cpu.isalist" value="amd64"/>
    <property name="sun.jnu.encoding" value="GBK"/>
    <property name="java.class.path" value="F:\project\my\MyBlog\target\test-classes;F:\project\my\MyBlog\target\classes;F:\apache-maven-3.6.3\repository\org\springframework\boot\spring-boot-starter-oauth2-client\2.4.5\spring-boot-starter-oauth2-client-2.4.5.jar;F:\apache-maven-3.6.3\repository\org\springframework\boot\spring-boot-starter\2.4.5\spring-boot-starter-2.4.5.jar;F:\apache-maven-3.6.3\repository\org\springframework\boot\spring-boot-starter-logging\2.4.5\spring-boot-starter-logging-2.4.5.jar;F:\apache-maven-3.6.3\repository\ch\qos\logback\logback-classic\1.2.3\logback-classic-1.2.3.jar;F:\apache-maven-3.6.3\repository\ch\qos\logback\logback-core\1.2.3\logback-core-1.2.3.jar;F:\apache-maven-3.6.3\repository\org\apache\logging\log4j\log4j-to-slf4j\2.13.3\log4j-to-slf4j-2.13.3.jar;F:\apache-maven-3.6.3\repository\org\apache\logging\log4j\log4j-api\2.13.3\log4j-api-2.13.3.jar;F:\apache-maven-3.6.3\repository\org\slf4j\jul-to-slf4j\1.7.30\jul-to-slf4j-1.7.30.jar;F:\apache-maven-3.6.3\repository\jakarta\annotation\jakarta.annotation-api\1.3.5\jakarta.annotation-api-1.3.5.jar;F:\apache-maven-3.6.3\repository\org\yaml\snakeyaml\1.27\snakeyaml-1.27.jar;F:\apache-maven-3.6.3\repository\com\sun\mail\jakarta.mail\1.6.7\jakarta.mail-1.6.7.jar;F:\apache-maven-3.6.3\repository\com\sun\activation\jakarta.activation\1.2.2\jakarta.activation-1.2.2.jar;F:\apache-maven-3.6.3\repository\org\springframework\security\spring-security-config\5.4.6\spring-security-config-5.4.6.jar;F:\apache-maven-3.6.3\repository\org\springframework\spring-beans\5.3.6\spring-beans-5.3.6.jar;F:\apache-maven-3.6.3\repository\org\springframework\spring-context\5.3.6\spring-context-5.3.6.jar;F:\apache-maven-3.6.3\repository\org\springframework\security\spring-security-core\5.4.6\spring-security-core-5.4.6.jar;F:\apache-maven-3.6.3\repository\org\springframework\spring-expression\5.3.6\spring-expression-5.3.6.jar;F:\apache-maven-3.6.3\repository\org\springframework\security\spring-security-oauth2-client\5.4.6\spring-security-oauth2-client-5.4.6.jar;F:\apache-maven-3.6.3\repository\com\nimbusds\oauth2-oidc-sdk\8.36.1\oauth2-oidc-sdk-8.36.1.jar;F:\apache-maven-3.6.3\repository\com\github\stephenc\jcip\jcip-annotations\1.0-1\jcip-annotations-1.0-1.jar;F:\apache-maven-3.6.3\repository\com\nimbusds\content-type\2.1\content-type-2.1.jar;F:\apache-maven-3.6.3\repository\com\nimbusds\lang-tag\1.4.4\lang-tag-1.4.4.jar;F:\apache-maven-3.6.3\repository\org\springframework\security\spring-security-oauth2-core\5.4.6\spring-security-oauth2-core-5.4.6.jar;F:\apache-maven-3.6.3\repository\org\springframework\security\spring-security-oauth2-jose\5.4.6\spring-security-oauth2-jose-5.4.6.jar;F:\apache-maven-3.6.3\repository\com\nimbusds\nimbus-jose-jwt\8.20.2\nimbus-jose-jwt-8.20.2.jar;F:\apache-maven-3.6.3\repository\org\springframework\boot\spring-boot-starter-security\2.4.5\spring-boot-starter-security-2.4.5.jar;F:\apache-maven-3.6.3\repository\org\springframework\spring-aop\5.3.6\spring-aop-5.3.6.jar;F:\apache-maven-3.6.3\repository\org\springframework\security\spring-security-web\5.4.6\spring-security-web-5.4.6.jar;F:\apache-maven-3.6.3\repository\org\springframework\boot\spring-boot-starter-thymeleaf\2.4.5\spring-boot-starter-thymeleaf-2.4.5.jar;F:\apache-maven-3.6.3\repository\org\thymeleaf\thymeleaf-spring5\3.0.12.RELEASE\thymeleaf-spring5-3.0.12.RELEASE.jar;F:\apache-maven-3.6.3\repository\org\thymeleaf\thymeleaf\3.0.12.RELEASE\thymeleaf-3.0.12.RELEASE.jar;F:\apache-maven-3.6.3\repository\org\attoparser\attoparser\2.0.5.RELEASE\attoparser-2.0.5.RELEASE.jar;F:\apache-maven-3.6.3\repository\org\unbescape\unbescape\1.1.6.RELEASE\unbescape-1.1.6.RELEASE.jar;F:\apache-maven-3.6.3\repository\org\thymeleaf\extras\thymeleaf-extras-java8time\3.0.4.RELEASE\thymeleaf-extras-java8time-3.0.4.RELEASE.jar;F:\apache-maven-3.6.3\repository\org\springframework\boot\spring-boot-starter-data-redis\2.4.5\spring-boot-starter-data-redis-2.4.5.jar;F:\apache-maven-3.6.3\repository\org\springframework\data\spring-data-redis\2.4.8\spring-data-redis-2.4.8.jar;F:\apache-maven-3.6.3\repository\org\springframework\data\spring-data-keyvalue\2.4.8\spring-data-keyvalue-2.4.8.jar;F:\apache-maven-3.6.3\repository\org\springframework\data\spring-data-commons\2.4.8\spring-data-commons-2.4.8.jar;F:\apache-maven-3.6.3\repository\org\springframework\spring-tx\5.3.6\spring-tx-5.3.6.jar;F:\apache-maven-3.6.3\repository\org\springframework\spring-oxm\5.3.6\spring-oxm-5.3.6.jar;F:\apache-maven-3.6.3\repository\org\springframework\spring-context-support\5.3.6\spring-context-support-5.3.6.jar;F:\apache-maven-3.6.3\repository\io\lettuce\lettuce-core\6.0.4.RELEASE\lettuce-core-6.0.4.RELEASE.jar;F:\apache-maven-3.6.3\repository\io\netty\netty-common\4.1.63.Final\netty-common-4.1.63.Final.jar;F:\apache-maven-3.6.3\repository\io\netty\netty-handler\4.1.63.Final\netty-handler-4.1.63.Final.jar;F:\apache-maven-3.6.3\repository\io\netty\netty-resolver\4.1.63.Final\netty-resolver-4.1.63.Final.jar;F:\apache-maven-3.6.3\repository\io\netty\netty-buffer\4.1.63.Final\netty-buffer-4.1.63.Final.jar;F:\apache-maven-3.6.3\repository\io\netty\netty-codec\4.1.63.Final\netty-codec-4.1.63.Final.jar;F:\apache-maven-3.6.3\repository\io\netty\netty-transport\4.1.63.Final\netty-transport-4.1.63.Final.jar;F:\apache-maven-3.6.3\repository\io\projectreactor\reactor-core\3.4.5\reactor-core-3.4.5.jar;F:\apache-maven-3.6.3\repository\org\reactivestreams\reactive-streams\1.0.3\reactive-streams-1.0.3.jar;F:\apache-maven-3.6.3\repository\org\springframework\boot\spring-boot-starter-web\2.4.5\spring-boot-starter-web-2.4.5.jar;F:\apache-maven-3.6.3\repository\org\springframework\boot\spring-boot-starter-json\2.4.5\spring-boot-starter-json-2.4.5.jar;F:\apache-maven-3.6.3\repository\com\fasterxml\jackson\datatype\jackson-datatype-jdk8\2.11.4\jackson-datatype-jdk8-2.11.4.jar;F:\apache-maven-3.6.3\repository\com\fasterxml\jackson\datatype\jackson-datatype-jsr310\2.11.4\jackson-datatype-jsr310-2.11.4.jar;F:\apache-maven-3.6.3\repository\com\fasterxml\jackson\module\jackson-module-parameter-names\2.11.4\jackson-module-parameter-names-2.11.4.jar;F:\apache-maven-3.6.3\repository\org\springframework\boot\spring-boot-starter-tomcat\2.4.5\spring-boot-starter-tomcat-2.4.5.jar;F:\apache-maven-3.6.3\repository\org\apache\tomcat\embed\tomcat-embed-core\9.0.45\tomcat-embed-core-9.0.45.jar;F:\apache-maven-3.6.3\repository\org\glassfish\jakarta.el\3.0.3\jakarta.el-3.0.3.jar;F:\apache-maven-3.6.3\repository\org\apache\tomcat\embed\tomcat-embed-websocket\9.0.45\tomcat-embed-websocket-9.0.45.jar;F:\apache-maven-3.6.3\repository\org\springframework\spring-web\5.3.6\spring-web-5.3.6.jar;F:\apache-maven-3.6.3\repository\org\springframework\spring-webmvc\5.3.6\spring-webmvc-5.3.6.jar;F:\apache-maven-3.6.3\repository\org\springframework\session\spring-session-core\2.4.3\spring-session-core-2.4.3.jar;F:\apache-maven-3.6.3\repository\org\springframework\spring-jcl\5.3.6\spring-jcl-5.3.6.jar;F:\apache-maven-3.6.3\repository\com\alibaba\druid-spring-boot-starter\1.2.6\druid-spring-boot-starter-1.2.6.jar;F:\apache-maven-3.6.3\repository\com\alibaba\druid\1.2.6\druid-1.2.6.jar;F:\apache-maven-3.6.3\repository\org\slf4j\slf4j-api\1.7.30\slf4j-api-1.7.30.jar;F:\apache-maven-3.6.3\repository\org\springframework\boot\spring-boot-autoconfigure\2.4.5\spring-boot-autoconfigure-2.4.5.jar;F:\apache-maven-3.6.3\repository\org\thymeleaf\extras\thymeleaf-extras-springsecurity5\3.0.4.RELEASE\thymeleaf-extras-springsecurity5-3.0.4.RELEASE.jar;F:\apache-maven-3.6.3\repository\org\springframework\boot\spring-boot-devtools\2.4.5\spring-boot-devtools-2.4.5.jar;F:\apache-maven-3.6.3\repository\org\springframework\boot\spring-boot\2.4.5\spring-boot-2.4.5.jar;F:\apache-maven-3.6.3\repository\mysql\mysql-connector-java\8.0.23\mysql-connector-java-8.0.23.jar;F:\apache-maven-3.6.3\repository\org\projectlombok\lombok\1.18.20\lombok-1.18.20.jar;F:\apache-maven-3.6.3\repository\org\springframework\boot\spring-boot-starter-test\2.4.5\spring-boot-starter-test-2.4.5.jar;F:\apache-maven-3.6.3\repository\org\springframework\boot\spring-boot-test\2.4.5\spring-boot-test-2.4.5.jar;F:\apache-maven-3.6.3\repository\org\springframework\boot\spring-boot-test-autoconfigure\2.4.5\spring-boot-test-autoconfigure-2.4.5.jar;F:\apache-maven-3.6.3\repository\com\jayway\jsonpath\json-path\2.4.0\json-path-2.4.0.jar;F:\apache-maven-3.6.3\repository\net\minidev\json-smart\2.3\json-smart-2.3.jar;F:\apache-maven-3.6.3\repository\net\minidev\accessors-smart\1.2\accessors-smart-1.2.jar;F:\apache-maven-3.6.3\repository\org\ow2\asm\asm\5.0.4\asm-5.0.4.jar;F:\apache-maven-3.6.3\repository\jakarta\xml\bind\jakarta.xml.bind-api\2.3.3\jakarta.xml.bind-api-2.3.3.jar;F:\apache-maven-3.6.3\repository\jakarta\activation\jakarta.activation-api\1.2.2\jakarta.activation-api-1.2.2.jar;F:\apache-maven-3.6.3\repository\org\assertj\assertj-core\3.18.1\assertj-core-3.18.1.jar;F:\apache-maven-3.6.3\repository\org\hamcrest\hamcrest\2.2\hamcrest-2.2.jar;F:\apache-maven-3.6.3\repository\org\junit\jupiter\junit-jupiter\5.7.1\junit-jupiter-5.7.1.jar;F:\apache-maven-3.6.3\repository\org\junit\jupiter\junit-jupiter-api\5.7.1\junit-jupiter-api-5.7.1.jar;F:\apache-maven-3.6.3\repository\org\apiguardian\apiguardian-api\1.1.0\apiguardian-api-1.1.0.jar;F:\apache-maven-3.6.3\repository\org\opentest4j\opentest4j\1.2.0\opentest4j-1.2.0.jar;F:\apache-maven-3.6.3\repository\org\junit\platform\junit-platform-commons\1.7.1\junit-platform-commons-1.7.1.jar;F:\apache-maven-3.6.3\repository\org\junit\jupiter\junit-jupiter-params\5.7.1\junit-jupiter-params-5.7.1.jar;F:\apache-maven-3.6.3\repository\org\junit\jupiter\junit-jupiter-engine\5.7.1\junit-jupiter-engine-5.7.1.jar;F:\apache-maven-3.6.3\repository\org\junit\platform\junit-platform-engine\1.7.1\junit-platform-engine-1.7.1.jar;F:\apache-maven-3.6.3\repository\org\mockito\mockito-core\3.6.28\mockito-core-3.6.28.jar;F:\apache-maven-3.6.3\repository\net\bytebuddy\byte-buddy\1.10.22\byte-buddy-1.10.22.jar;F:\apache-maven-3.6.3\repository\net\bytebuddy\byte-buddy-agent\1.10.22\byte-buddy-agent-1.10.22.jar;F:\apache-maven-3.6.3\repository\org\objenesis\objenesis\3.1\objenesis-3.1.jar;F:\apache-maven-3.6.3\repository\org\mockito\mockito-junit-jupiter\3.6.28\mockito-junit-jupiter-3.6.28.jar;F:\apache-maven-3.6.3\repository\org\skyscreamer\jsonassert\1.5.0\jsonassert-1.5.0.jar;F:\apache-maven-3.6.3\repository\com\vaadin\external\google\android-json\0.0.20131108.vaadin1\android-json-0.0.20131108.vaadin1.jar;F:\apache-maven-3.6.3\repository\org\springframework\spring-core\5.3.6\spring-core-5.3.6.jar;F:\apache-maven-3.6.3\repository\org\springframework\spring-test\5.3.6\spring-test-5.3.6.jar;F:\apache-maven-3.6.3\repository\org\xmlunit\xmlunit-core\2.7.0\xmlunit-core-2.7.0.jar;F:\apache-maven-3.6.3\repository\org\springframework\security\spring-security-test\5.4.6\spring-security-test-5.4.6.jar;F:\apache-maven-3.6.3\repository\com\alibaba\fastjson\1.2.76\fastjson-1.2.76.jar;F:\apache-maven-3.6.3\repository\org\aspectj\aspectjweaver\1.9.6\aspectjweaver-1.9.6.jar;F:\apache-maven-3.6.3\repository\io\springfox\springfox-swagger2\2.9.2\springfox-swagger2-2.9.2.jar;F:\apache-maven-3.6.3\repository\io\swagger\swagger-annotations\1.5.20\swagger-annotations-1.5.20.jar;F:\apache-maven-3.6.3\repository\io\swagger\swagger-models\1.5.20\swagger-models-1.5.20.jar;F:\apache-maven-3.6.3\repository\com\fasterxml\jackson\core\jackson-annotations\2.11.4\jackson-annotations-2.11.4.jar;F:\apache-maven-3.6.3\repository\io\springfox\springfox-spi\2.9.2\springfox-spi-2.9.2.jar;F:\apache-maven-3.6.3\repository\io\springfox\springfox-core\2.9.2\springfox-core-2.9.2.jar;F:\apache-maven-3.6.3\repository\io\springfox\springfox-schema\2.9.2\springfox-schema-2.9.2.jar;F:\apache-maven-3.6.3\repository\io\springfox\springfox-swagger-common\2.9.2\springfox-swagger-common-2.9.2.jar;F:\apache-maven-3.6.3\repository\io\springfox\springfox-spring-web\2.9.2\springfox-spring-web-2.9.2.jar;F:\apache-maven-3.6.3\repository\com\google\guava\guava\20.0\guava-20.0.jar;F:\apache-maven-3.6.3\repository\com\fasterxml\classmate\1.5.1\classmate-1.5.1.jar;F:\apache-maven-3.6.3\repository\org\springframework\plugin\spring-plugin-core\1.2.0.RELEASE\spring-plugin-core-1.2.0.RELEASE.jar;F:\apache-maven-3.6.3\repository\org\springframework\plugin\spring-plugin-metadata\1.2.0.RELEASE\spring-plugin-metadata-1.2.0.RELEASE.jar;F:\apache-maven-3.6.3\repository\org\mapstruct\mapstruct\1.2.0.Final\mapstruct-1.2.0.Final.jar;F:\apache-maven-3.6.3\repository\io\springfox\springfox-swagger-ui\2.9.2\springfox-swagger-ui-2.9.2.jar;F:\apache-maven-3.6.3\repository\io\jsonwebtoken\jjwt\0.7.0\jjwt-0.7.0.jar;F:\apache-maven-3.6.3\repository\com\fasterxml\jackson\core\jackson-databind\2.11.4\jackson-databind-2.11.4.jar;F:\apache-maven-3.6.3\repository\com\fasterxml\jackson\core\jackson-core\2.11.4\jackson-core-2.11.4.jar;F:\apache-maven-3.6.3\repository\org\apache\commons\commons-lang3\3.11\commons-lang3-3.11.jar;F:\apache-maven-3.6.3\repository\cn\hutool\hutool-all\5.7.2\hutool-all-5.7.2.jar;F:\apache-maven-3.6.3\repository\com\baomidou\mybatis-plus-boot-starter\3.4.3.1\mybatis-plus-boot-starter-3.4.3.1.jar;F:\apache-maven-3.6.3\repository\com\baomidou\mybatis-plus\3.4.3.1\mybatis-plus-3.4.3.1.jar;F:\apache-maven-3.6.3\repository\com\baomidou\mybatis-plus-extension\3.4.3.1\mybatis-plus-extension-3.4.3.1.jar;F:\apache-maven-3.6.3\repository\com\baomidou\mybatis-plus-core\3.4.3.1\mybatis-plus-core-3.4.3.1.jar;F:\apache-maven-3.6.3\repository\com\baomidou\mybatis-plus-annotation\3.4.3.1\mybatis-plus-annotation-3.4.3.1.jar;F:\apache-maven-3.6.3\repository\org\springframework\boot\spring-boot-starter-jdbc\2.4.5\spring-boot-starter-jdbc-2.4.5.jar;F:\apache-maven-3.6.3\repository\com\zaxxer\HikariCP\3.4.5\HikariCP-3.4.5.jar;F:\apache-maven-3.6.3\repository\org\springframework\spring-jdbc\5.3.6\spring-jdbc-5.3.6.jar;F:\apache-maven-3.6.3\repository\com\vdurmont\emoji-java\5.1.1\emoji-java-5.1.1.jar;F:\apache-maven-3.6.3\repository\org\json\json\20170516\json-20170516.jar;F:\apache-maven-3.6.3\repository\org\commonmark\commonmark\0.17.0\commonmark-0.17.0.jar;F:\apache-maven-3.6.3\repository\org\commonmark\commonmark-ext-gfm-tables\0.17.0\commonmark-ext-gfm-tables-0.17.0.jar;F:\apache-maven-3.6.3\repository\com\upyun\java-sdk\4.1.3\java-sdk-4.1.3.jar;F:\apache-maven-3.6.3\repository\junit\junit\4.13.2\junit-4.13.2.jar;F:\apache-maven-3.6.3\repository\org\hamcrest\hamcrest-core\2.2\hamcrest-core-2.2.jar;F:\apache-maven-3.6.3\repository\com\squareup\okhttp3\okhttp\3.14.9\okhttp-3.14.9.jar;F:\apache-maven-3.6.3\repository\com\squareup\okio\okio\1.17.2\okio-1.17.2.jar;F:\apache-maven-3.6.3\repository\commons-io\commons-io\2.6\commons-io-2.6.jar;F:\apache-maven-3.6.3\repository\com\github\pagehelper\pagehelper-spring-boot-starter\1.3.1\pagehelper-spring-boot-starter-1.3.1.jar;F:\apache-maven-3.6.3\repository\org\mybatis\spring\boot\mybatis-spring-boot-starter\2.2.0\mybatis-spring-boot-starter-2.2.0.jar;F:\apache-maven-3.6.3\repository\org\mybatis\spring\boot\mybatis-spring-boot-autoconfigure\2.2.0\mybatis-spring-boot-autoconfigure-2.2.0.jar;F:\apache-maven-3.6.3\repository\org\mybatis\mybatis\3.5.7\mybatis-3.5.7.jar;F:\apache-maven-3.6.3\repository\org\mybatis\mybatis-spring\2.0.6\mybatis-spring-2.0.6.jar;F:\apache-maven-3.6.3\repository\com\github\pagehelper\pagehelper-spring-boot-autoconfigure\1.3.1\pagehelper-spring-boot-autoconfigure-1.3.1.jar;F:\apache-maven-3.6.3\repository\com\github\pagehelper\pagehelper\5.2.1\pagehelper-5.2.1.jar;F:\apache-maven-3.6.3\repository\com\github\jsqlparser\jsqlparser\4.0\jsqlparser-4.0.jar;"/>
    <property name="java.vm.vendor" value="Amazon.com Inc."/>
    <property name="sun.arch.data.model" value="64"/>
    <property name="user.variant" value=""/>
    <property name="java.vendor.url" value="https://aws.amazon.com/corretto/"/>
    <property name="user.timezone" value="Asia/Shanghai"/>
    <property name="java.vm.specification.version" value="1.8"/>
    <property name="os.name" value="Windows 10"/>
    <property name="user.country" value="CN"/>
    <property name="sun.java.launcher" value="SUN_STANDARD"/>
    <property name="sun.boot.library.path" value="C:\Users\zdk\.jdks\corretto-1.8.0_282\jre\bin"/>
    <property name="sun.java.command" value="C:\Users\zdk\AppData\Local\Temp\surefire6543139004290006896\surefirebooter2708245909421475473.jar C:\Users\zdk\AppData\Local\Temp\surefire6543139004290006896 2021-08-16T17-55-47_108-jvmRun1 surefire1700375665456004532tmp surefire_08104316158526639778tmp"/>
    <property name="surefire.test.class.path" value="F:\project\my\MyBlog\target\test-classes;F:\project\my\MyBlog\target\classes;F:\apache-maven-3.6.3\repository\org\springframework\boot\spring-boot-starter-oauth2-client\2.4.5\spring-boot-starter-oauth2-client-2.4.5.jar;F:\apache-maven-3.6.3\repository\org\springframework\boot\spring-boot-starter\2.4.5\spring-boot-starter-2.4.5.jar;F:\apache-maven-3.6.3\repository\org\springframework\boot\spring-boot-starter-logging\2.4.5\spring-boot-starter-logging-2.4.5.jar;F:\apache-maven-3.6.3\repository\ch\qos\logback\logback-classic\1.2.3\logback-classic-1.2.3.jar;F:\apache-maven-3.6.3\repository\ch\qos\logback\logback-core\1.2.3\logback-core-1.2.3.jar;F:\apache-maven-3.6.3\repository\org\apache\logging\log4j\log4j-to-slf4j\2.13.3\log4j-to-slf4j-2.13.3.jar;F:\apache-maven-3.6.3\repository\org\apache\logging\log4j\log4j-api\2.13.3\log4j-api-2.13.3.jar;F:\apache-maven-3.6.3\repository\org\slf4j\jul-to-slf4j\1.7.30\jul-to-slf4j-1.7.30.jar;F:\apache-maven-3.6.3\repository\jakarta\annotation\jakarta.annotation-api\1.3.5\jakarta.annotation-api-1.3.5.jar;F:\apache-maven-3.6.3\repository\org\yaml\snakeyaml\1.27\snakeyaml-1.27.jar;F:\apache-maven-3.6.3\repository\com\sun\mail\jakarta.mail\1.6.7\jakarta.mail-1.6.7.jar;F:\apache-maven-3.6.3\repository\com\sun\activation\jakarta.activation\1.2.2\jakarta.activation-1.2.2.jar;F:\apache-maven-3.6.3\repository\org\springframework\security\spring-security-config\5.4.6\spring-security-config-5.4.6.jar;F:\apache-maven-3.6.3\repository\org\springframework\spring-beans\5.3.6\spring-beans-5.3.6.jar;F:\apache-maven-3.6.3\repository\org\springframework\spring-context\5.3.6\spring-context-5.3.6.jar;F:\apache-maven-3.6.3\repository\org\springframework\security\spring-security-core\5.4.6\spring-security-core-5.4.6.jar;F:\apache-maven-3.6.3\repository\org\springframework\spring-expression\5.3.6\spring-expression-5.3.6.jar;F:\apache-maven-3.6.3\repository\org\springframework\security\spring-security-oauth2-client\5.4.6\spring-security-oauth2-client-5.4.6.jar;F:\apache-maven-3.6.3\repository\com\nimbusds\oauth2-oidc-sdk\8.36.1\oauth2-oidc-sdk-8.36.1.jar;F:\apache-maven-3.6.3\repository\com\github\stephenc\jcip\jcip-annotations\1.0-1\jcip-annotations-1.0-1.jar;F:\apache-maven-3.6.3\repository\com\nimbusds\content-type\2.1\content-type-2.1.jar;F:\apache-maven-3.6.3\repository\com\nimbusds\lang-tag\1.4.4\lang-tag-1.4.4.jar;F:\apache-maven-3.6.3\repository\org\springframework\security\spring-security-oauth2-core\5.4.6\spring-security-oauth2-core-5.4.6.jar;F:\apache-maven-3.6.3\repository\org\springframework\security\spring-security-oauth2-jose\5.4.6\spring-security-oauth2-jose-5.4.6.jar;F:\apache-maven-3.6.3\repository\com\nimbusds\nimbus-jose-jwt\8.20.2\nimbus-jose-jwt-8.20.2.jar;F:\apache-maven-3.6.3\repository\org\springframework\boot\spring-boot-starter-security\2.4.5\spring-boot-starter-security-2.4.5.jar;F:\apache-maven-3.6.3\repository\org\springframework\spring-aop\5.3.6\spring-aop-5.3.6.jar;F:\apache-maven-3.6.3\repository\org\springframework\security\spring-security-web\5.4.6\spring-security-web-5.4.6.jar;F:\apache-maven-3.6.3\repository\org\springframework\boot\spring-boot-starter-thymeleaf\2.4.5\spring-boot-starter-thymeleaf-2.4.5.jar;F:\apache-maven-3.6.3\repository\org\thymeleaf\thymeleaf-spring5\3.0.12.RELEASE\thymeleaf-spring5-3.0.12.RELEASE.jar;F:\apache-maven-3.6.3\repository\org\thymeleaf\thymeleaf\3.0.12.RELEASE\thymeleaf-3.0.12.RELEASE.jar;F:\apache-maven-3.6.3\repository\org\attoparser\attoparser\2.0.5.RELEASE\attoparser-2.0.5.RELEASE.jar;F:\apache-maven-3.6.3\repository\org\unbescape\unbescape\1.1.6.RELEASE\unbescape-1.1.6.RELEASE.jar;F:\apache-maven-3.6.3\repository\org\thymeleaf\extras\thymeleaf-extras-java8time\3.0.4.RELEASE\thymeleaf-extras-java8time-3.0.4.RELEASE.jar;F:\apache-maven-3.6.3\repository\org\springframework\boot\spring-boot-starter-data-redis\2.4.5\spring-boot-starter-data-redis-2.4.5.jar;F:\apache-maven-3.6.3\repository\org\springframework\data\spring-data-redis\2.4.8\spring-data-redis-2.4.8.jar;F:\apache-maven-3.6.3\repository\org\springframework\data\spring-data-keyvalue\2.4.8\spring-data-keyvalue-2.4.8.jar;F:\apache-maven-3.6.3\repository\org\springframework\data\spring-data-commons\2.4.8\spring-data-commons-2.4.8.jar;F:\apache-maven-3.6.3\repository\org\springframework\spring-tx\5.3.6\spring-tx-5.3.6.jar;F:\apache-maven-3.6.3\repository\org\springframework\spring-oxm\5.3.6\spring-oxm-5.3.6.jar;F:\apache-maven-3.6.3\repository\org\springframework\spring-context-support\5.3.6\spring-context-support-5.3.6.jar;F:\apache-maven-3.6.3\repository\io\lettuce\lettuce-core\6.0.4.RELEASE\lettuce-core-6.0.4.RELEASE.jar;F:\apache-maven-3.6.3\repository\io\netty\netty-common\4.1.63.Final\netty-common-4.1.63.Final.jar;F:\apache-maven-3.6.3\repository\io\netty\netty-handler\4.1.63.Final\netty-handler-4.1.63.Final.jar;F:\apache-maven-3.6.3\repository\io\netty\netty-resolver\4.1.63.Final\netty-resolver-4.1.63.Final.jar;F:\apache-maven-3.6.3\repository\io\netty\netty-buffer\4.1.63.Final\netty-buffer-4.1.63.Final.jar;F:\apache-maven-3.6.3\repository\io\netty\netty-codec\4.1.63.Final\netty-codec-4.1.63.Final.jar;F:\apache-maven-3.6.3\repository\io\netty\netty-transport\4.1.63.Final\netty-transport-4.1.63.Final.jar;F:\apache-maven-3.6.3\repository\io\projectreactor\reactor-core\3.4.5\reactor-core-3.4.5.jar;F:\apache-maven-3.6.3\repository\org\reactivestreams\reactive-streams\1.0.3\reactive-streams-1.0.3.jar;F:\apache-maven-3.6.3\repository\org\springframework\boot\spring-boot-starter-web\2.4.5\spring-boot-starter-web-2.4.5.jar;F:\apache-maven-3.6.3\repository\org\springframework\boot\spring-boot-starter-json\2.4.5\spring-boot-starter-json-2.4.5.jar;F:\apache-maven-3.6.3\repository\com\fasterxml\jackson\datatype\jackson-datatype-jdk8\2.11.4\jackson-datatype-jdk8-2.11.4.jar;F:\apache-maven-3.6.3\repository\com\fasterxml\jackson\datatype\jackson-datatype-jsr310\2.11.4\jackson-datatype-jsr310-2.11.4.jar;F:\apache-maven-3.6.3\repository\com\fasterxml\jackson\module\jackson-module-parameter-names\2.11.4\jackson-module-parameter-names-2.11.4.jar;F:\apache-maven-3.6.3\repository\org\springframework\boot\spring-boot-starter-tomcat\2.4.5\spring-boot-starter-tomcat-2.4.5.jar;F:\apache-maven-3.6.3\repository\org\apache\tomcat\embed\tomcat-embed-core\9.0.45\tomcat-embed-core-9.0.45.jar;F:\apache-maven-3.6.3\repository\org\glassfish\jakarta.el\3.0.3\jakarta.el-3.0.3.jar;F:\apache-maven-3.6.3\repository\org\apache\tomcat\embed\tomcat-embed-websocket\9.0.45\tomcat-embed-websocket-9.0.45.jar;F:\apache-maven-3.6.3\repository\org\springframework\spring-web\5.3.6\spring-web-5.3.6.jar;F:\apache-maven-3.6.3\repository\org\springframework\spring-webmvc\5.3.6\spring-webmvc-5.3.6.jar;F:\apache-maven-3.6.3\repository\org\springframework\session\spring-session-core\2.4.3\spring-session-core-2.4.3.jar;F:\apache-maven-3.6.3\repository\org\springframework\spring-jcl\5.3.6\spring-jcl-5.3.6.jar;F:\apache-maven-3.6.3\repository\com\alibaba\druid-spring-boot-starter\1.2.6\druid-spring-boot-starter-1.2.6.jar;F:\apache-maven-3.6.3\repository\com\alibaba\druid\1.2.6\druid-1.2.6.jar;F:\apache-maven-3.6.3\repository\org\slf4j\slf4j-api\1.7.30\slf4j-api-1.7.30.jar;F:\apache-maven-3.6.3\repository\org\springframework\boot\spring-boot-autoconfigure\2.4.5\spring-boot-autoconfigure-2.4.5.jar;F:\apache-maven-3.6.3\repository\org\thymeleaf\extras\thymeleaf-extras-springsecurity5\3.0.4.RELEASE\thymeleaf-extras-springsecurity5-3.0.4.RELEASE.jar;F:\apache-maven-3.6.3\repository\org\springframework\boot\spring-boot-devtools\2.4.5\spring-boot-devtools-2.4.5.jar;F:\apache-maven-3.6.3\repository\org\springframework\boot\spring-boot\2.4.5\spring-boot-2.4.5.jar;F:\apache-maven-3.6.3\repository\mysql\mysql-connector-java\8.0.23\mysql-connector-java-8.0.23.jar;F:\apache-maven-3.6.3\repository\org\projectlombok\lombok\1.18.20\lombok-1.18.20.jar;F:\apache-maven-3.6.3\repository\org\springframework\boot\spring-boot-starter-test\2.4.5\spring-boot-starter-test-2.4.5.jar;F:\apache-maven-3.6.3\repository\org\springframework\boot\spring-boot-test\2.4.5\spring-boot-test-2.4.5.jar;F:\apache-maven-3.6.3\repository\org\springframework\boot\spring-boot-test-autoconfigure\2.4.5\spring-boot-test-autoconfigure-2.4.5.jar;F:\apache-maven-3.6.3\repository\com\jayway\jsonpath\json-path\2.4.0\json-path-2.4.0.jar;F:\apache-maven-3.6.3\repository\net\minidev\json-smart\2.3\json-smart-2.3.jar;F:\apache-maven-3.6.3\repository\net\minidev\accessors-smart\1.2\accessors-smart-1.2.jar;F:\apache-maven-3.6.3\repository\org\ow2\asm\asm\5.0.4\asm-5.0.4.jar;F:\apache-maven-3.6.3\repository\jakarta\xml\bind\jakarta.xml.bind-api\2.3.3\jakarta.xml.bind-api-2.3.3.jar;F:\apache-maven-3.6.3\repository\jakarta\activation\jakarta.activation-api\1.2.2\jakarta.activation-api-1.2.2.jar;F:\apache-maven-3.6.3\repository\org\assertj\assertj-core\3.18.1\assertj-core-3.18.1.jar;F:\apache-maven-3.6.3\repository\org\hamcrest\hamcrest\2.2\hamcrest-2.2.jar;F:\apache-maven-3.6.3\repository\org\junit\jupiter\junit-jupiter\5.7.1\junit-jupiter-5.7.1.jar;F:\apache-maven-3.6.3\repository\org\junit\jupiter\junit-jupiter-api\5.7.1\junit-jupiter-api-5.7.1.jar;F:\apache-maven-3.6.3\repository\org\apiguardian\apiguardian-api\1.1.0\apiguardian-api-1.1.0.jar;F:\apache-maven-3.6.3\repository\org\opentest4j\opentest4j\1.2.0\opentest4j-1.2.0.jar;F:\apache-maven-3.6.3\repository\org\junit\platform\junit-platform-commons\1.7.1\junit-platform-commons-1.7.1.jar;F:\apache-maven-3.6.3\repository\org\junit\jupiter\junit-jupiter-params\5.7.1\junit-jupiter-params-5.7.1.jar;F:\apache-maven-3.6.3\repository\org\junit\jupiter\junit-jupiter-engine\5.7.1\junit-jupiter-engine-5.7.1.jar;F:\apache-maven-3.6.3\repository\org\junit\platform\junit-platform-engine\1.7.1\junit-platform-engine-1.7.1.jar;F:\apache-maven-3.6.3\repository\org\mockito\mockito-core\3.6.28\mockito-core-3.6.28.jar;F:\apache-maven-3.6.3\repository\net\bytebuddy\byte-buddy\1.10.22\byte-buddy-1.10.22.jar;F:\apache-maven-3.6.3\repository\net\bytebuddy\byte-buddy-agent\1.10.22\byte-buddy-agent-1.10.22.jar;F:\apache-maven-3.6.3\repository\org\objenesis\objenesis\3.1\objenesis-3.1.jar;F:\apache-maven-3.6.3\repository\org\mockito\mockito-junit-jupiter\3.6.28\mockito-junit-jupiter-3.6.28.jar;F:\apache-maven-3.6.3\repository\org\skyscreamer\jsonassert\1.5.0\jsonassert-1.5.0.jar;F:\apache-maven-3.6.3\repository\com\vaadin\external\google\android-json\0.0.20131108.vaadin1\android-json-0.0.20131108.vaadin1.jar;F:\apache-maven-3.6.3\repository\org\springframework\spring-core\5.3.6\spring-core-5.3.6.jar;F:\apache-maven-3.6.3\repository\org\springframework\spring-test\5.3.6\spring-test-5.3.6.jar;F:\apache-maven-3.6.3\repository\org\xmlunit\xmlunit-core\2.7.0\xmlunit-core-2.7.0.jar;F:\apache-maven-3.6.3\repository\org\springframework\security\spring-security-test\5.4.6\spring-security-test-5.4.6.jar;F:\apache-maven-3.6.3\repository\com\alibaba\fastjson\1.2.76\fastjson-1.2.76.jar;F:\apache-maven-3.6.3\repository\org\aspectj\aspectjweaver\1.9.6\aspectjweaver-1.9.6.jar;F:\apache-maven-3.6.3\repository\io\springfox\springfox-swagger2\2.9.2\springfox-swagger2-2.9.2.jar;F:\apache-maven-3.6.3\repository\io\swagger\swagger-annotations\1.5.20\swagger-annotations-1.5.20.jar;F:\apache-maven-3.6.3\repository\io\swagger\swagger-models\1.5.20\swagger-models-1.5.20.jar;F:\apache-maven-3.6.3\repository\com\fasterxml\jackson\core\jackson-annotations\2.11.4\jackson-annotations-2.11.4.jar;F:\apache-maven-3.6.3\repository\io\springfox\springfox-spi\2.9.2\springfox-spi-2.9.2.jar;F:\apache-maven-3.6.3\repository\io\springfox\springfox-core\2.9.2\springfox-core-2.9.2.jar;F:\apache-maven-3.6.3\repository\io\springfox\springfox-schema\2.9.2\springfox-schema-2.9.2.jar;F:\apache-maven-3.6.3\repository\io\springfox\springfox-swagger-common\2.9.2\springfox-swagger-common-2.9.2.jar;F:\apache-maven-3.6.3\repository\io\springfox\springfox-spring-web\2.9.2\springfox-spring-web-2.9.2.jar;F:\apache-maven-3.6.3\repository\com\google\guava\guava\20.0\guava-20.0.jar;F:\apache-maven-3.6.3\repository\com\fasterxml\classmate\1.5.1\classmate-1.5.1.jar;F:\apache-maven-3.6.3\repository\org\springframework\plugin\spring-plugin-core\1.2.0.RELEASE\spring-plugin-core-1.2.0.RELEASE.jar;F:\apache-maven-3.6.3\repository\org\springframework\plugin\spring-plugin-metadata\1.2.0.RELEASE\spring-plugin-metadata-1.2.0.RELEASE.jar;F:\apache-maven-3.6.3\repository\org\mapstruct\mapstruct\1.2.0.Final\mapstruct-1.2.0.Final.jar;F:\apache-maven-3.6.3\repository\io\springfox\springfox-swagger-ui\2.9.2\springfox-swagger-ui-2.9.2.jar;F:\apache-maven-3.6.3\repository\io\jsonwebtoken\jjwt\0.7.0\jjwt-0.7.0.jar;F:\apache-maven-3.6.3\repository\com\fasterxml\jackson\core\jackson-databind\2.11.4\jackson-databind-2.11.4.jar;F:\apache-maven-3.6.3\repository\com\fasterxml\jackson\core\jackson-core\2.11.4\jackson-core-2.11.4.jar;F:\apache-maven-3.6.3\repository\org\apache\commons\commons-lang3\3.11\commons-lang3-3.11.jar;F:\apache-maven-3.6.3\repository\cn\hutool\hutool-all\5.7.2\hutool-all-5.7.2.jar;F:\apache-maven-3.6.3\repository\com\baomidou\mybatis-plus-boot-starter\3.4.3.1\mybatis-plus-boot-starter-3.4.3.1.jar;F:\apache-maven-3.6.3\repository\com\baomidou\mybatis-plus\3.4.3.1\mybatis-plus-3.4.3.1.jar;F:\apache-maven-3.6.3\repository\com\baomidou\mybatis-plus-extension\3.4.3.1\mybatis-plus-extension-3.4.3.1.jar;F:\apache-maven-3.6.3\repository\com\baomidou\mybatis-plus-core\3.4.3.1\mybatis-plus-core-3.4.3.1.jar;F:\apache-maven-3.6.3\repository\com\baomidou\mybatis-plus-annotation\3.4.3.1\mybatis-plus-annotation-3.4.3.1.jar;F:\apache-maven-3.6.3\repository\org\springframework\boot\spring-boot-starter-jdbc\2.4.5\spring-boot-starter-jdbc-2.4.5.jar;F:\apache-maven-3.6.3\repository\com\zaxxer\HikariCP\3.4.5\HikariCP-3.4.5.jar;F:\apache-maven-3.6.3\repository\org\springframework\spring-jdbc\5.3.6\spring-jdbc-5.3.6.jar;F:\apache-maven-3.6.3\repository\com\vdurmont\emoji-java\5.1.1\emoji-java-5.1.1.jar;F:\apache-maven-3.6.3\repository\org\json\json\20170516\json-20170516.jar;F:\apache-maven-3.6.3\repository\org\commonmark\commonmark\0.17.0\commonmark-0.17.0.jar;F:\apache-maven-3.6.3\repository\org\commonmark\commonmark-ext-gfm-tables\0.17.0\commonmark-ext-gfm-tables-0.17.0.jar;F:\apache-maven-3.6.3\repository\com\upyun\java-sdk\4.1.3\java-sdk-4.1.3.jar;F:\apache-maven-3.6.3\repository\junit\junit\4.13.2\junit-4.13.2.jar;F:\apache-maven-3.6.3\repository\org\hamcrest\hamcrest-core\2.2\hamcrest-core-2.2.jar;F:\apache-maven-3.6.3\repository\com\squareup\okhttp3\okhttp\3.14.9\okhttp-3.14.9.jar;F:\apache-maven-3.6.3\repository\com\squareup\okio\okio\1.17.2\okio-1.17.2.jar;F:\apache-maven-3.6.3\repository\commons-io\commons-io\2.6\commons-io-2.6.jar;F:\apache-maven-3.6.3\repository\com\github\pagehelper\pagehelper-spring-boot-starter\1.3.1\pagehelper-spring-boot-starter-1.3.1.jar;F:\apache-maven-3.6.3\repository\org\mybatis\spring\boot\mybatis-spring-boot-starter\2.2.0\mybatis-spring-boot-starter-2.2.0.jar;F:\apache-maven-3.6.3\repository\org\mybatis\spring\boot\mybatis-spring-boot-autoconfigure\2.2.0\mybatis-spring-boot-autoconfigure-2.2.0.jar;F:\apache-maven-3.6.3\repository\org\mybatis\mybatis\3.5.7\mybatis-3.5.7.jar;F:\apache-maven-3.6.3\repository\org\mybatis\mybatis-spring\2.0.6\mybatis-spring-2.0.6.jar;F:\apache-maven-3.6.3\repository\com\github\pagehelper\pagehelper-spring-boot-autoconfigure\1.3.1\pagehelper-spring-boot-autoconfigure-1.3.1.jar;F:\apache-maven-3.6.3\repository\com\github\pagehelper\pagehelper\5.2.1\pagehelper-5.2.1.jar;F:\apache-maven-3.6.3\repository\com\github\jsqlparser\jsqlparser\4.0\jsqlparser-4.0.jar;"/>
    <property name="sun.cpu.endian" value="little"/>
    <property name="user.home" value="C:\Users\zdk"/>
    <property name="user.language" value="zh"/>
    <property name="java.specification.vendor" value="Oracle Corporation"/>
    <property name="java.home" value="C:\Users\zdk\.jdks\corretto-1.8.0_282\jre"/>
    <property name="basedir" value="F:\project\my\MyBlog"/>
    <property name="file.separator" value="\"/>
    <property name="line.separator" value="&#10;"/>
    <property name="java.vm.specification.vendor" value="Oracle Corporation"/>
    <property name="java.specification.name" value="Java Platform API Specification"/>
    <property name="java.awt.graphicsenv" value="sun.awt.Win32GraphicsEnvironment"/>
    <property name="surefire.real.class.path" value="C:\Users\zdk\AppData\Local\Temp\surefire6543139004290006896\surefirebooter2708245909421475473.jar"/>
    <property name="sun.boot.class.path" value="C:\Users\zdk\.jdks\corretto-1.8.0_282\jre\lib\resources.jar;C:\Users\zdk\.jdks\corretto-1.8.0_282\jre\lib\rt.jar;C:\Users\zdk\.jdks\corretto-1.8.0_282\jre\lib\sunrsasign.jar;C:\Users\zdk\.jdks\corretto-1.8.0_282\jre\lib\jsse.jar;C:\Users\zdk\.jdks\corretto-1.8.0_282\jre\lib\jce.jar;C:\Users\zdk\.jdks\corretto-1.8.0_282\jre\lib\charsets.jar;C:\Users\zdk\.jdks\corretto-1.8.0_282\jre\lib\jfr.jar;C:\Users\zdk\.jdks\corretto-1.8.0_282\jre\classes"/>
    <property name="user.script" value=""/>
    <property name="sun.management.compiler" value="HotSpot 64-Bit Tiered Compilers"/>
    <property name="java.runtime.version" value="1.8.0_282-b08"/>
    <property name="user.name" value="zdk"/>
    <property name="path.separator" value=";"/>
    <property name="os.version" value="10.0"/>
    <property name="java.endorsed.dirs" value="C:\Users\zdk\.jdks\corretto-1.8.0_282\jre\lib\endorsed"/>
    <property name="java.runtime.name" value="OpenJDK Runtime Environment"/>
    <property name="file.encoding" value="GBK"/>
    <property name="java.vm.name" value="OpenJDK 64-Bit Server VM"/>
    <property name="localRepository" value="F:\apache-maven-3.6.3\repository"/>
    <property name="java.vendor.url.bug" value="https://github.com/corretto/corretto-8/issues/"/>
    <property name="java.io.tmpdir" value="C:\Users\zdk\AppData\Local\Temp\"/>
    <property name="idea.version" value="2021.2"/>
    <property name="java.version" value="1.8.0_282"/>
    <property name="user.dir" value="F:\project\my\MyBlog"/>
    <property name="os.arch" value="amd64"/>
    <property name="java.vm.specification.name" value="Java Virtual Machine Specification"/>
    <property name="java.awt.printerjob" value="sun.awt.windows.WPrinterJob"/>
    <property name="sun.os.patch.level" value=""/>
    <property name="java.library.path" value="C:\Users\zdk\.jdks\corretto-1.8.0_282\jre\bin;C:\Windows\Sun\Java\bin;C:\Windows\system32;C:\Windows;C:\Program Files (x86)\Common Files\Oracle\Java\javapath;C:\Windows\system32;C:\Windows;C:\Windows\System32\Wbem;C:\Windows\System32\WindowsPowerShell\v1.0\;C:\Windows\System32\OpenSSH\;C:\Program Files (x86)\NVIDIA Corporation\PhysX\Common;C:\Program Files\NVIDIA Corporation\NVIDIA NvDLISR;F:\apache-maven-3.6.3\bin;&quot;F:\JavaJDK\bin;F:\JavaJDK\jre\bin&quot;;.;F:\JavaJDK\lib\dt.jar;F:\JavaJDK\lib\tools.jar;F:\apache-maven-3.6.3\bin;C:\Program Files\Git\cmd;F:\nodejs\;F:\MySQL\bin;F:\;C:\Users\zdk\AppData\Local\Microsoft\WindowsApps;F:\IntelliJ IDEA 2020.3.2\bin;;F:\CLion 2020.3.3\bin;;F:\nodejs\node_global;;."/>
    <property name="java.vm.info" value="mixed mode"/>
    <property name="java.vendor" value="Amazon.com Inc."/>
    <property name="java.vm.version" value="25.282-b08"/>
    <property name="java.ext.dirs" value="C:\Users\zdk\.jdks\corretto-1.8.0_282\jre\lib\ext;C:\Windows\Sun\Java\lib\ext"/>
    <property name="sun.io.unicode.encoding" value="UnicodeLittle"/>
    <property name="maven.repo.local" value="F:\apache-maven-3.6.3\repository"/>
    <property name="java.class.version" value="52.0"/>
  </properties>
  <testcase name="test" classname="com.zdk.MyBlog.MyBlogApplicationTests" time="0.14"/>
  <testcase name="contextLoads" classname="com.zdk.MyBlog.MyBlogApplicationTests" time="0.475"/>
</testsuite>